<?xml version="1.0" encoding="UTF-8"?>
<testsuite name="demolition.RedEnemyTest" tests="5" skipped="0" failures="0" errors="0" timestamp="2021-11-05T07:55:06" hostname="DESKTOP-08SSRQM" time="0.004">
  <properties/>
  <testcase name="positionTest()" classname="demolition.RedEnemyTest" time="0.001"/>
  <testcase name="frameIncrementTest()" classname="demolition.RedEnemyTest" time="0.001"/>
  <testcase name="calculateDirectionTest()" classname="demolition.RedEnemyTest" time="0.001"/>
  <testcase name="tickTest()" classname="demolition.RedEnemyTest" time="0.001"/>
  <testcase name="calculateDirectionOutOfMapTest()" classname="demolition.RedEnemyTest" time="0.0"/>
  <system-out><![CDATA[]]></system-out>
  <system-err><![CDATA[]]></system-err>
</testsuite>
