<?xml version="1.0" encoding="UTF-8"?>
<testsuite name="demolition.ExplosionTest" tests="3" skipped="0" failures="0" errors="0" timestamp="2021-11-05T07:55:00" hostname="DESKTOP-08SSRQM" time="0.002">
  <properties/>
  <testcase name="collisionsTest()" classname="demolition.ExplosionTest" time="0.001"/>
  <testcase name="positionTest()" classname="demolition.ExplosionTest" time="0.0"/>
  <testcase name="tickTest()" classname="demolition.ExplosionTest" time="0.001"/>
  <system-out><![CDATA[]]></system-out>
  <system-err><![CDATA[]]></system-err>
</testsuite>
