<?xml version="1.0" encoding="UTF-8"?>
<testsuite name="demolition.PlayerTest" tests="16" skipped="0" failures="0" errors="0" timestamp="2021-11-05T07:55:06" hostname="DESKTOP-08SSRQM" time="0.01">
  <properties/>
  <testcase name="levelTest()" classname="demolition.PlayerTest" time="0.001"/>
  <testcase name="checkYellowEnemyTest()" classname="demolition.PlayerTest" time="0.0"/>
  <testcase name="killTest()" classname="demolition.PlayerTest" time="0.001"/>
  <testcase name="nullSpriteTest()" classname="demolition.PlayerTest" time="0.0"/>
  <testcase name="moveTest()" classname="demolition.PlayerTest" time="0.0"/>
  <testcase name="positionTest()" classname="demolition.PlayerTest" time="0.0"/>
  <testcase name="facingTest()" classname="demolition.PlayerTest" time="0.0"/>
  <testcase name="checkRedEnemyTest()" classname="demolition.PlayerTest" time="0.0"/>
  <testcase name="lastFacingTest()" classname="demolition.PlayerTest" time="0.001"/>
  <testcase name="livesTest()" classname="demolition.PlayerTest" time="0.0"/>
  <testcase name="checkGoalReachedTest()" classname="demolition.PlayerTest" time="0.001"/>
  <testcase name="moveIntoCollisionTest()" classname="demolition.PlayerTest" time="0.0"/>
  <testcase name="nextPositionTest()" classname="demolition.PlayerTest" time="0.0"/>
  <testcase name="checkExplosionTest()" classname="demolition.PlayerTest" time="0.001"/>
  <testcase name="tickTest()" classname="demolition.PlayerTest" time="0.0"/>
  <testcase name="resetTest()" classname="demolition.PlayerTest" time="0.0"/>
  <system-out><![CDATA[]]></system-out>
  <system-err><![CDATA[]]></system-err>
</testsuite>
