<?xml version="1.0" encoding="UTF-8"?>
<testsuite name="demolition.EndScreenTest" tests="3" skipped="0" failures="0" errors="0" timestamp="2021-11-05T07:55:00" hostname="DESKTOP-08SSRQM" time="0.002">
  <properties/>
  <testcase name="lossTest()" classname="demolition.EndScreenTest" time="0.0"/>
  <testcase name="consturctorTest()" classname="demolition.EndScreenTest" time="0.001"/>
  <testcase name="victoryTest()" classname="demolition.EndScreenTest" time="0.0"/>
  <system-out><![CDATA[]]></system-out>
  <system-err><![CDATA[]]></system-err>
</testsuite>
